        -:    0:Source:programme1.c
        -:    0:Graph:programme1.gcno
        -:    0:Data:programme1.gcda
        -:    0:Runs:1
        -:    0:Programs:1
        -:    1:#include <stdio.h>
        -:    2:
        1:    3:int main()
        -:    4:{
        -:    5:	int i, j, total;
        1:    6:	printf("Entrer une valeur pour j : \n");
        1:    7:	scanf("%d",&j) ;
        1:    8:	total = 0;
        4:    9:	for (i = 0; i < j; i++)
        3:   10:		total += i;
        1:   11:	if (total != 45)
        1:   12:		printf ("Failure\n");
        -:   13:	else
    #####:   14:		printf ("Success\n");
        1:   15:	return 0; 
        -:   16:}
